<?xml version="1.0" encoding="UTF-8"?>
<testsuite name="Account Creation" tests="1" skipped="0" failures="0" errors="0" timestamp="2020-09-07T05:57:41" hostname="GALAHED-LAPTOP" time="46.671">
  <properties/>
  <testcase name="EMPTY_NAME" classname="Account Creation" time="46.671"/>
  <system-out><![CDATA[]]></system-out>
  <system-err><![CDATA[sep 07, 2020 12:57:42 AM org.openqa.selenium.remote.DesiredCapabilities chrome
INFORMACIÓN: Using `new ChromeOptions()` is preferred to `DesiredCapabilities.chrome()`
Starting ChromeDriver 85.0.4183.83 (94abc2237ae0c9a4cb5f035431c8adfb94324633-refs/branch-heads/4183@{#1658}) on port 36297
Only local connections are allowed.
Please see https://chromedriver.chromium.org/security-considerations for suggestions on keeping ChromeDriver safe.
ChromeDriver was started successfully.
sep 07, 2020 12:57:49 AM org.openqa.selenium.remote.ProtocolHandshake createSession
INFORMACIÓN: Detected dialect: W3C
]]></system-err>
</testsuite>
