<?xml version="1.0" encoding="UTF-8"?>
<testsuite name="com.techandsolve.yourlogoweb.runners.RestService" tests="0" skipped="0" failures="0" errors="0" timestamp="1970-01-01T00:00:00" hostname="GALAHED-LAPTOP" time="0.0">
  <properties/>
  <system-out><![CDATA[
?[31mFailed scenarios:?[0m
?[31msrc/test/resources/features/rest_service.feature:14 ?[0m# Search a character

1 Scenarios (?[31m1 failed?[0m)
3 Steps (?[31m1 failed?[0m, ?[36m1 skipped?[0m, ?[32m1 passed?[0m)
0m7,042s

net.serenitybdd.core.exceptions.SerenityManagedException
	at net.serenitybdd.rest.utils.RestDecorationHelper.decorate(RestDecorationHelper.java:20)
	at net.serenitybdd.rest.SerenityRest.given(SerenityRest.java:220)
	at net.serenitybdd.screenplay.rest.interactions.RestInteraction.rest(RestInteraction.java:32)
	at net.serenitybdd.screenplay.rest.interactions.Get$$EnhancerByCGLIB$$deeffca1.CGLIB$rest$1(<generated>)
	at net.serenitybdd.screenplay.rest.interactions.Get$$EnhancerByCGLIB$$deeffca1$$FastClassByCGLIB$$974721fe.invoke(<generated>)
	at net.sf.cglib.proxy.MethodProxy.invokeSuper(MethodProxy.java:228)
	at net.thucydides.core.steps.BaseMethodRunner.invokeMethod(BaseMethodRunner.java:10)
	at net.thucydides.core.steps.NormalMethodRunner.invokeMethodAndNotifyFailures(NormalMethodRunner.java:20)
	at net.thucydides.core.steps.StepInterceptor.runNormalMethod(StepInterceptor.java:376)
	at net.thucydides.core.steps.StepInterceptor.testStepResult(StepInterceptor.java:147)
	at net.thucydides.core.steps.StepInterceptor.intercept(StepInterceptor.java:70)
	at net.serenitybdd.screenplay.rest.interactions.Get$$EnhancerByCGLIB$$deeffca1.rest(<generated>)
	at net.serenitybdd.screenplay.rest.interactions.Get.performAs(Get.java:23)
	at net.serenitybdd.screenplay.rest.interactions.Get$$EnhancerByCGLIB$$deeffca1.CGLIB$performAs$0(<generated>)
	at net.serenitybdd.screenplay.rest.interactions.Get$$EnhancerByCGLIB$$deeffca1$$FastClassByCGLIB$$974721fe.invoke(<generated>)
	at net.sf.cglib.proxy.MethodProxy.invokeSuper(MethodProxy.java:228)
	at net.thucydides.core.steps.StepInterceptor.invokeMethod(StepInterceptor.java:464)
	at net.thucydides.core.steps.StepInterceptor.executeTestStepMethod(StepInterceptor.java:449)
	at net.thucydides.core.steps.StepInterceptor.runTestStep(StepInterceptor.java:424)
	at net.thucydides.core.steps.StepInterceptor.runOrSkipMethod(StepInterceptor.java:165)
	at net.thucydides.core.steps.StepInterceptor.testStepResult(StepInterceptor.java:152)
	at net.thucydides.core.steps.StepInterceptor.intercept(StepInterceptor.java:70)
	at net.serenitybdd.screenplay.rest.interactions.Get$$EnhancerByCGLIB$$deeffca1.performAs(<generated>)
	at net.serenitybdd.screenplay.Actor.performTask(Actor.java:181)
	at net.serenitybdd.screenplay.Actor.perform(Actor.java:162)
	at net.serenitybdd.screenplay.Actor.attemptsTo(Actor.java:143)
	at com.techandsolve.yourlogoweb.tasks.ConsumingAnApi.performAs(ConsumingAnApi.java:27)
	at com.techandsolve.yourlogoweb.tasks.ConsumingAnApi$$EnhancerByCGLIB$$c9f5fe9.CGLIB$performAs$0(<generated>)
	at com.techandsolve.yourlogoweb.tasks.ConsumingAnApi$$EnhancerByCGLIB$$c9f5fe9$$FastClassByCGLIB$$27c5c73e.invoke(<generated>)
	at net.sf.cglib.proxy.MethodProxy.invokeSuper(MethodProxy.java:228)
	at net.thucydides.core.steps.StepInterceptor.invokeMethod(StepInterceptor.java:464)
	at net.thucydides.core.steps.StepInterceptor.executeTestStepMethod(StepInterceptor.java:449)
	at net.thucydides.core.steps.StepInterceptor.runTestStep(StepInterceptor.java:424)
	at net.thucydides.core.steps.StepInterceptor.runOrSkipMethod(StepInterceptor.java:165)
	at net.thucydides.core.steps.StepInterceptor.testStepResult(StepInterceptor.java:152)
	at net.thucydides.core.steps.StepInterceptor.intercept(StepInterceptor.java:70)
	at com.techandsolve.yourlogoweb.tasks.ConsumingAnApi$$EnhancerByCGLIB$$c9f5fe9.performAs(<generated>)
	at net.serenitybdd.screenplay.Actor.performTask(Actor.java:181)
	at net.serenitybdd.screenplay.Actor.perform(Actor.java:162)
	at net.serenitybdd.screenplay.Actor.attemptsTo(Actor.java:143)
	at com.techandsolve.yourlogoweb.stepsdefinitions.RestServiceStepsdefinition.theUserProvideTheNameOfTheCharacterToGetAllTheDataAboutHim(RestServiceStepsdefinition.java:37)
	at ?.The user provide the name of the character to get all the data about him(src/test/resources/features/rest_service.feature:8)
Caused by: java.lang.UnsupportedOperationException: Cannot define class using reflection: Could not find sun.misc.Unsafe
	at net.bytebuddy.dynamic.loading.ClassInjector$UsingReflection$Dispatcher$Initializable$Unavailable.defineClass(ClassInjector.java:334)
	at net.bytebuddy.dynamic.loading.ClassInjector$UsingReflection.inject(ClassInjector.java:187)
	at net.bytebuddy.dynamic.loading.ClassLoadingStrategy$Default$InjectionDispatcher.load(ClassLoadingStrategy.java:205)
	at net.bytebuddy.dynamic.loading.ClassLoadingStrategy$Default.load(ClassLoadingStrategy.java:126)
	at net.bytebuddy.dynamic.TypeResolutionStrategy$Passive.initialize(TypeResolutionStrategy.java:79)
	at net.bytebuddy.dynamic.DynamicType$Default$Unloaded.load(DynamicType.java:4247)
	at net.serenitybdd.rest.utils.RestSpecificationFactory.<clinit>(RestSpecificationFactory.java:48)
	at net.serenitybdd.rest.utils.RestDecorationHelper.decorate(RestDecorationHelper.java:20)
	at net.serenitybdd.rest.SerenityRest.given(SerenityRest.java:220)
	at net.serenitybdd.screenplay.rest.interactions.RestInteraction.rest(RestInteraction.java:32)
	at net.serenitybdd.screenplay.rest.interactions.Get$$EnhancerByCGLIB$$deeffca1.CGLIB$rest$1(<generated>)
	at net.serenitybdd.screenplay.rest.interactions.Get$$EnhancerByCGLIB$$deeffca1$$FastClassByCGLIB$$974721fe.invoke(<generated>)
	at net.sf.cglib.proxy.MethodProxy.invokeSuper(MethodProxy.java:228)
	at net.thucydides.core.steps.BaseMethodRunner.invokeMethod(BaseMethodRunner.java:10)
	at net.thucydides.core.steps.NormalMethodRunner.invokeMethodAndNotifyFailures(NormalMethodRunner.java:20)
	at net.thucydides.core.steps.StepInterceptor.runNormalMethod(StepInterceptor.java:376)
	at net.thucydides.core.steps.StepInterceptor.testStepResult(StepInterceptor.java:147)
	at net.thucydides.core.steps.StepInterceptor.intercept(StepInterceptor.java:70)
	at net.serenitybdd.screenplay.rest.interactions.Get$$EnhancerByCGLIB$$deeffca1.rest(<generated>)
	at net.serenitybdd.screenplay.rest.interactions.Get.performAs(Get.java:23)
	at net.serenitybdd.screenplay.rest.interactions.Get$$EnhancerByCGLIB$$deeffca1.CGLIB$performAs$0(<generated>)
	at net.serenitybdd.screenplay.rest.interactions.Get$$EnhancerByCGLIB$$deeffca1$$FastClassByCGLIB$$974721fe.invoke(<generated>)
	at net.sf.cglib.proxy.MethodProxy.invokeSuper(MethodProxy.java:228)
	at net.thucydides.core.steps.StepInterceptor.invokeMethod(StepInterceptor.java:464)
	at net.thucydides.core.steps.StepInterceptor.executeTestStepMethod(StepInterceptor.java:449)
	at net.thucydides.core.steps.StepInterceptor.runTestStep(StepInterceptor.java:424)
	at net.thucydides.core.steps.StepInterceptor.runOrSkipMethod(StepInterceptor.java:165)
	at net.thucydides.core.steps.StepInterceptor.testStepResult(StepInterceptor.java:152)
	at net.thucydides.core.steps.StepInterceptor.intercept(StepInterceptor.java:70)
	at net.serenitybdd.screenplay.rest.interactions.Get$$EnhancerByCGLIB$$deeffca1.performAs(<generated>)
	at net.serenitybdd.screenplay.Actor.performTask(Actor.java:181)
	at net.serenitybdd.screenplay.Actor.perform(Actor.java:162)
	at net.serenitybdd.screenplay.Actor.attemptsTo(Actor.java:143)
	at com.techandsolve.yourlogoweb.tasks.ConsumingAnApi.performAs(ConsumingAnApi.java:27)
	at com.techandsolve.yourlogoweb.tasks.ConsumingAnApi$$EnhancerByCGLIB$$c9f5fe9.CGLIB$performAs$0(<generated>)
	at com.techandsolve.yourlogoweb.tasks.ConsumingAnApi$$EnhancerByCGLIB$$c9f5fe9$$FastClassByCGLIB$$27c5c73e.invoke(<generated>)
	at net.sf.cglib.proxy.MethodProxy.invokeSuper(MethodProxy.java:228)
	at net.thucydides.core.steps.StepInterceptor.invokeMethod(StepInterceptor.java:464)
	at net.thucydides.core.steps.StepInterceptor.executeTestStepMethod(StepInterceptor.java:449)
	at net.thucydides.core.steps.StepInterceptor.runTestStep(StepInterceptor.java:424)
	at net.thucydides.core.steps.StepInterceptor.runOrSkipMethod(StepInterceptor.java:165)
	at net.thucydides.core.steps.StepInterceptor.testStepResult(StepInterceptor.java:152)
	at net.thucydides.core.steps.StepInterceptor.intercept(StepInterceptor.java:70)
	at com.techandsolve.yourlogoweb.tasks.ConsumingAnApi$$EnhancerByCGLIB$$c9f5fe9.performAs(<generated>)
	at net.serenitybdd.screenplay.Actor.performTask(Actor.java:181)
	at net.serenitybdd.screenplay.Actor.perform(Actor.java:162)
	at net.serenitybdd.screenplay.Actor.attemptsTo(Actor.java:143)
	at com.techandsolve.yourlogoweb.stepsdefinitions.RestServiceStepsdefinition.theUserProvideTheNameOfTheCharacterToGetAllTheDataAboutHim(RestServiceStepsdefinition.java:37)
	at java.base/jdk.internal.reflect.NativeMethodAccessorImpl.invoke0(Native Method)
	at java.base/jdk.internal.reflect.NativeMethodAccessorImpl.invoke(NativeMethodAccessorImpl.java:62)
	at java.base/jdk.internal.reflect.DelegatingMethodAccessorImpl.invoke(DelegatingMethodAccessorImpl.java:43)
	at java.base/java.lang.reflect.Method.invoke(Method.java:564)
	at cucumber.runtime.Utils$1.call(Utils.java:31)
	at cucumber.runtime.Timeout.timeout(Timeout.java:16)
	at cucumber.runtime.Utils.invoke(Utils.java:25)
	at cucumber.runtime.java.JavaStepDefinition.execute(JavaStepDefinition.java:37)
	at cucumber.runtime.StepDefinitionMatch.runStep(StepDefinitionMatch.java:40)
	at cucumber.api.TestStep.executeStep(TestStep.java:102)
	at cucumber.api.TestStep.run(TestStep.java:83)
	at cucumber.api.TestCase.run(TestCase.java:58)
	at cucumber.runner.Runner.runPickle(Runner.java:80)
	at cucumber.runtime.junit.PickleRunners$NoStepDescriptions.run(PickleRunners.java:140)
	at cucumber.runtime.junit.FeatureRunner.runChild(FeatureRunner.java:68)
	at cucumber.runtime.junit.FeatureRunner.runChild(FeatureRunner.java:23)
	at org.junit.runners.ParentRunner$3.run(ParentRunner.java:290)
	at org.junit.runners.ParentRunner$1.schedule(ParentRunner.java:71)
	at org.junit.runners.ParentRunner.runChildren(ParentRunner.java:288)
	at org.junit.runners.ParentRunner.access$000(ParentRunner.java:58)
	at org.junit.runners.ParentRunner$2.evaluate(ParentRunner.java:268)
	at org.junit.runners.ParentRunner.run(ParentRunner.java:363)
	at cucumber.runtime.junit.FeatureRunner.run(FeatureRunner.java:73)
	at cucumber.api.junit.Cucumber.runChild(Cucumber.java:118)
	at cucumber.api.junit.Cucumber.runChild(Cucumber.java:56)
	at org.junit.runners.ParentRunner$3.run(ParentRunner.java:290)
	at org.junit.runners.ParentRunner$1.schedule(ParentRunner.java:71)
	at org.junit.runners.ParentRunner.runChildren(ParentRunner.java:288)
	at org.junit.runners.ParentRunner.access$000(ParentRunner.java:58)
	at org.junit.runners.ParentRunner$2.evaluate(ParentRunner.java:268)
	at cucumber.api.junit.Cucumber$1.evaluate(Cucumber.java:127)
	at org.junit.runners.ParentRunner.run(ParentRunner.java:363)
	at org.gradle.api.internal.tasks.testing.junit.JUnitTestClassExecutor.runTestClass(JUnitTestClassExecutor.java:110)
	at org.gradle.api.internal.tasks.testing.junit.JUnitTestClassExecutor.execute(JUnitTestClassExecutor.java:58)
	at org.gradle.api.internal.tasks.testing.junit.JUnitTestClassExecutor.execute(JUnitTestClassExecutor.java:38)
	at org.gradle.api.internal.tasks.testing.junit.AbstractJUnitTestClassProcessor.processTestClass(AbstractJUnitTestClassProcessor.java:62)
	at org.gradle.api.internal.tasks.testing.SuiteTestClassProcessor.processTestClass(SuiteTestClassProcessor.java:51)
	at java.base/jdk.internal.reflect.NativeMethodAccessorImpl.invoke0(Native Method)
	at java.base/jdk.internal.reflect.NativeMethodAccessorImpl.invoke(NativeMethodAccessorImpl.java:62)
	at java.base/jdk.internal.reflect.DelegatingMethodAccessorImpl.invoke(DelegatingMethodAccessorImpl.java:43)
	at java.base/java.lang.reflect.Method.invoke(Method.java:564)
	at org.gradle.internal.dispatch.ReflectionDispatch.dispatch(ReflectionDispatch.java:36)
	at org.gradle.internal.dispatch.ReflectionDispatch.dispatch(ReflectionDispatch.java:24)
	at org.gradle.internal.dispatch.ContextClassLoaderDispatch.dispatch(ContextClassLoaderDispatch.java:33)
	at org.gradle.internal.dispatch.ProxyDispatchAdapter$DispatchingInvocationHandler.invoke(ProxyDispatchAdapter.java:94)
	at com.sun.proxy.$Proxy2.processTestClass(Unknown Source)
	at org.gradle.api.internal.tasks.testing.worker.TestWorker.processTestClass(TestWorker.java:118)
	at java.base/jdk.internal.reflect.NativeMethodAccessorImpl.invoke0(Native Method)
	at java.base/jdk.internal.reflect.NativeMethodAccessorImpl.invoke(NativeMethodAccessorImpl.java:62)
	at java.base/jdk.internal.reflect.DelegatingMethodAccessorImpl.invoke(DelegatingMethodAccessorImpl.java:43)
	at java.base/java.lang.reflect.Method.invoke(Method.java:564)
	at org.gradle.internal.dispatch.ReflectionDispatch.dispatch(ReflectionDispatch.java:36)
	at org.gradle.internal.dispatch.ReflectionDispatch.dispatch(ReflectionDispatch.java:24)
	at org.gradle.internal.remote.internal.hub.MessageHubBackedObjectConnection$DispatchWrapper.dispatch(MessageHubBackedObjectConnection.java:182)
	at org.gradle.internal.remote.internal.hub.MessageHubBackedObjectConnection$DispatchWrapper.dispatch(MessageHubBackedObjectConnection.java:164)
	at org.gradle.internal.remote.internal.hub.MessageHub$Handler.run(MessageHub.java:412)
	at org.gradle.internal.concurrent.ExecutorPolicy$CatchAndRecordFailures.onExecute(ExecutorPolicy.java:64)
	at org.gradle.internal.concurrent.ManagedExecutorImpl$1.run(ManagedExecutorImpl.java:48)
	at java.base/java.util.concurrent.ThreadPoolExecutor.runWorker(ThreadPoolExecutor.java:1130)
	at java.base/java.util.concurrent.ThreadPoolExecutor$Worker.run(ThreadPoolExecutor.java:630)
	at org.gradle.internal.concurrent.ThreadFactoryImpl$ManagedThreadRunnable.run(ThreadFactoryImpl.java:56)
	at java.base/java.lang.Thread.run(Thread.java:832)

]]></system-out>
  <system-err><![CDATA[[Test worker] INFO net.thucydides.core.steps.ConsoleLoggingListener - ?[36m

-------------------------------------------------------------------------------------
     _______. _______ .______       _______ .__   __.  __  .___________.____    ____ 
    /       ||   ____||   _  \     |   ____||  \ |  | |  | |           |\   \  /   / 
   |   (----`|  |__   |  |_)  |    |  |__   |   \|  | |  | `---|  |----` \   \/   /  
    \   \    |   __|  |      /     |   __|  |  . `  | |  |     |  |       \_    _/   
.----)   |   |  |____ |  |\  \----.|  |____ |  |\   | |  |     |  |         |  |     
|_______/    |_______|| _| `._____||_______||__| \__| |__|     |__|         |__|    
                                                                                     
 News and tutorials at http://www.serenity-bdd.info                                  
 Documentation at https://wakaleo.gitbooks.io/the-serenity-book/content/             
 Join the Serenity Community on Rocket Chat at https://serenity-bdd.rocket.chat      
 Serenity BDD Support and Training at http://serenity-bdd.info/#/trainingandsupport  
 Learn Serenity BDD online at http://serenity-dojo.com                               
-------------------------------------------------------------------------------------
?[0m
[Test worker] INFO net.thucydides.core.steps.ConsoleLoggingListener - Test Suite Started: Searching characters through api
[Test worker] INFO net.thucydides.core.steps.ConsoleLoggingListener - 
 _____ _____ ____ _____   ____ _____  _    ____ _____ _____ ____  
|_   _| ____/ ___|_   _| / ___|_   _|/ \  |  _ \_   _| ____|  _ \ 
  | | |  _| \___ \ | |   \___ \ | | / _ \ | |_) || | |  _| | | | |
  | | | |___ ___) || |    ___) || |/ ___ \|  _ < | | | |___| |_| |
  |_| |_____|____/ |_|   |____/ |_/_/   \_\_| \_\|_| |_____|____/ 
                                                                  

TEST STARTED: Search a character
-------------------------------------------------------------------(searching-characters-through-api;search-a-character)
]]></system-err>
</testsuite>
